# JRE version: OpenJDK Runtime Environment Temurin-21.0.3+9 (21.0.3+9) (build 21.0.3+9-LTS)
# Java VM: OpenJDK 64-Bit Server VM Temurin-21.0.3+9 (21.0.3+9-LTS, mixed mode, emulated-client, tiered, compressed oops, compressed class ptrs, g1 gc, windows-amd64)
GC Precious Log:
 CardTable entry size: 512
 Card Set container configuration: InlinePtr #cards 5 size 8 Array Of Cards #cards 12 size 40 Howl #buckets 4 coarsen threshold 1843 Howl Bitmap #cards 512 size 80 coarsen threshold 460 Card regions per heap region 1 cards per card region 2048
 CPUs: 4 total, 4 available
 Memory: 8048M
 Large Page Support: Disabled
 NUMA Support: Disabled
 Compressed Oops: Enabled (32-bit)
 Heap Region Size: 1M
 Heap Min Capacity: 8M
 Heap Initial Capacity: 126M
 Heap Max Capacity: 2014M
 Pre-touch: Disabled
 Parallel Workers: 4
 Concurrent Workers: 1
 Concurrent Refinement Workers: 4
 Periodic GC: Disabled
Heap:
 garbage-first heap   total 78848K, used 45864K [0x0000000082200000, 0x0000000100000000)
  region size 1024K, 24 young (24576K), 4 survivors (4096K)
 Metaspace       used 79737K, committed 80320K, reserved 1179648K
  class space    used 10050K, committed 10368K, reserved 1048576K
GC Heap History (20 events):
Event: 10.200 GC heap before
{Heap before GC invocations=23 (full 0):
 garbage-first heap   total 66560K, used 59895K [0x0000000082200000, 0x0000000100000000)
  region size 1024K, 37 young (37888K), 2 survivors (2048K)
 Metaspace       used 63204K, committed 63744K, reserved 1114112K
  class space    used 8140K, committed 8384K, reserved 1048576K
}
Event: 10.203 GC heap after
{Heap after GC invocations=24 (full 0):
 garbage-first heap   total 66560K, used 24547K [0x0000000082200000, 0x0000000100000000)
  region size 1024K, 3 young (3072K), 3 survivors (3072K)
 Metaspace       used 63204K, committed 63744K, reserved 1114112K
  class space    used 8140K, committed 8384K, reserved 1048576K
}
Event: 10.692 GC heap before
{Heap before GC invocations=24 (full 0):
 garbage-first heap   total 66560K, used 58339K [0x0000000082200000, 0x0000000100000000)
  region size 1024K, 36 young (36864K), 3 survivors (3072K)
 Metaspace       used 66480K, committed 66944K, reserved 1114112K
  class space    used 8558K, committed 8768K, reserved 1048576K
}
Event: 10.700 GC heap after
{Heap after GC invocations=25 (full 0):
 garbage-first heap   total 66560K, used 25872K [0x0000000082200000, 0x0000000100000000)
  region size 1024K, 4 young (4096K), 4 survivors (4096K)
 Metaspace       used 66480K, committed 66944K, reserved 1114112K
  class space    used 8558K, committed 8768K, reserved 1048576K
}
Event: 11.059 GC heap before
{Heap before GC invocations=25 (full 0):
 garbage-first heap   total 66560K, used 57616K [0x0000000082200000, 0x0000000100000000)
  region size 1024K, 35 young (35840K), 4 survivors (4096K)
 Metaspace       used 68227K, committed 68736K, reserved 1114112K
  class space    used 8821K, committed 9024K, reserved 1048576K
}
Event: 11.066 GC heap after
{Heap after GC invocations=26 (full 0):
 garbage-first heap   total 79872K, used 27178K [0x0000000082200000, 0x0000000100000000)
  region size 1024K, 4 young (4096K), 4 survivors (4096K)
 Metaspace       used 68227K, committed 68736K, reserved 1114112K
  class space    used 8821K, committed 9024K, reserved 1048576K
}
Event: 17.630 GC heap before
{Heap before GC invocations=26 (full 0):
 garbage-first heap   total 79872K, used 69162K [0x0000000082200000, 0x0000000100000000)
  region size 1024K, 46 young (47104K), 4 survivors (4096K)
 Metaspace       used 71623K, committed 72192K, reserved 1114112K
  class space    used 9274K, committed 9536K, reserved 1048576K
}
Event: 17.640 GC heap after
{Heap after GC invocations=27 (full 0):
 garbage-first heap   total 79872K, used 29699K [0x0000000082200000, 0x0000000100000000)
  region size 1024K, 6 young (6144K), 6 survivors (6144K)
 Metaspace       used 71623K, committed 72192K, reserved 1114112K
  class space    used 9274K, committed 9536K, reserved 1048576K
}
Event: 18.085 GC heap before
{Heap before GC invocations=27 (full 0):
 garbage-first heap   total 79872K, used 66563K [0x0000000082200000, 0x0000000100000000)
  region size 1024K, 43 young (44032K), 6 survivors (6144K)
 Metaspace       used 75265K, committed 75776K, reserved 1179648K
  class space    used 9566K, committed 9792K, reserved 1048576K
}
Event: 18.095 GC heap after
{Heap after GC invocations=28 (full 0):
 garbage-first heap   total 79872K, used 30707K [0x0000000082200000, 0x0000000100000000)
  region size 1024K, 4 young (4096K), 4 survivors (4096K)
 Metaspace       used 75265K, committed 75776K, reserved 1179648K
  class space    used 9566K, committed 9792K, reserved 1048576K
}
Event: 20.417 GC heap before
{Heap before GC invocations=28 (full 0):
 garbage-first heap   total 79872K, used 69619K [0x0000000082200000, 0x0000000100000000)
  region size 1024K, 42 young (43008K), 4 survivors (4096K)
 Metaspace       used 78666K, committed 79232K, reserved 1179648K
  class space    used 9899K, committed 10112K, reserved 1048576K
}
Event: 20.424 GC heap after
{Heap after GC invocations=29 (full 0):
 garbage-first heap   total 79872K, used 30769K [0x0000000082200000, 0x0000000100000000)
  region size 1024K, 2 young (2048K), 2 survivors (2048K)
 Metaspace       used 78666K, committed 79232K, reserved 1179648K
  class space    used 9899K, committed 10112K, reserved 1048576K
}
Event: 274.341 GC heap before
{Heap before GC invocations=30 (full 0):
 garbage-first heap   total 79872K, used 70705K [0x0000000082200000, 0x0000000100000000)
  region size 1024K, 42 young (43008K), 2 survivors (2048K)
 Metaspace       used 79520K, committed 80128K, reserved 1179648K
  class space    used 10034K, committed 10304K, reserved 1048576K
}
Event: 274.346 GC heap after
{Heap after GC invocations=31 (full 0):
 garbage-first heap   total 79872K, used 31646K [0x0000000082200000, 0x0000000100000000)
  region size 1024K, 3 young (3072K), 3 survivors (3072K)
 Metaspace       used 79520K, committed 80128K, reserved 1179648K
  class space    used 10034K, committed 10304K, reserved 1048576K
}
Event: 1016.305 GC heap before
{Heap before GC invocations=31 (full 0):
 garbage-first heap   total 79872K, used 69534K [0x0000000082200000, 0x0000000100000000)
  region size 1024K, 41 young (41984K), 3 survivors (3072K)
 Metaspace       used 79551K, committed 80128K, reserved 1179648K
  class space    used 10038K, committed 10304K, reserved 1048576K
}
Event: 1016.331 GC heap after
{Heap after GC invocations=32 (full 0):
 garbage-first heap   total 79872K, used 31282K [0x0000000082200000, 0x0000000100000000)
  region size 1024K, 3 young (3072K), 3 survivors (3072K)
 Metaspace       used 79551K, committed 80128K, reserved 1179648K
  class space    used 10038K, committed 10304K, reserved 1048576K
}
Event: 1050.901 GC heap before
{Heap before GC invocations=32 (full 0):
 garbage-first heap   total 79872K, used 34354K [0x0000000082200000, 0x0000000100000000)
  region size 1024K, 7 young (7168K), 3 survivors (3072K)
 Metaspace       used 79672K, committed 80320K, reserved 1179648K
  class space    used 10061K, committed 10368K, reserved 1048576K
}
Event: 1051.001 GC heap after
{Heap after GC invocations=33 (full 1):
 garbage-first heap   total 78848K, used 22367K [0x0000000082200000, 0x0000000100000000)
  region size 1024K, 0 young (0K), 0 survivors (0K)
 Metaspace       used 79310K, committed 80320K, reserved 1179648K
  class space    used 9984K, committed 10368K, reserved 1048576K
}
Event: 1053.890 GC heap before
{Heap before GC invocations=33 (full 1):
 garbage-first heap   total 78848K, used 68447K [0x0000000082200000, 0x0000000100000000)
  region size 1024K, 46 young (47104K), 0 survivors (0K)
 Metaspace       used 79529K, committed 80320K, reserved 1179648K
  class space    used 10034K, committed 10368K, reserved 1048576K
}
Event: 1053.898 GC heap after
{Heap after GC invocations=34 (full 1):
 garbage-first heap   total 78848K, used 26408K [0x0000000082200000, 0x0000000100000000)
  region size 1024K, 4 young (4096K), 4 survivors (4096K)
 Metaspace       used 79529K, committed 80320K, reserved 1179648K
  class space    used 10034K, committed 10368K, reserved 1048576K
}

